<?xml version="1.0" encoding="UTF-8"?>
<testng-results ignored="0" total="4" passed="2" failed="2" skipped="0">
  <reporter-output>
  </reporter-output>
  <suite started-at="2024-11-19T15:48:44 IST" name="Default suite" finished-at="2024-11-19T15:49:30 IST" duration-ms="46232">
    <groups>
      <group name="cucumber">
        <method signature="AbstractTestNGCucumberTests.runScenario(io.cucumber.testng.PickleWrapper,io.cucumber.testng.FeatureWrapper)[pri:0, instance:runners.ConduitCURDrunner@6e6f2380]" name="runScenario" class="io.cucumber.testng.AbstractTestNGCucumberTests"/>
      </group> <!-- cucumber -->
    </groups>
    <test started-at="2024-11-19T15:48:44 IST" name="Default test" finished-at="2024-11-19T15:49:30 IST" duration-ms="46232">
      <class name="runners.ConduitCURDrunner">
        <test-method is-config="true" signature="setUpClass(org.testng.ITestContext)[pri:0, instance:runners.ConduitCURDrunner@6e6f2380]" started-at="2024-11-19T15:48:44 IST" name="setUpClass" finished-at="2024-11-19T15:48:46 IST" duration-ms="1615" status="PASS">
          <params>
            <param index="0">
              <value>
                <![CDATA[org.testng.TestRunner@1a565afb]]>
              </value>
            </param>
          </params>
          <reporter-output>
          </reporter-output>
        </test-method> <!-- setUpClass -->
        <test-method signature="runScenario(io.cucumber.testng.PickleWrapper,io.cucumber.testng.FeatureWrapper)[pri:0, instance:runners.ConduitCURDrunner@6e6f2380]" started-at="2024-11-19T15:48:46 IST" name="runScenario" description="Runs Cucumber Scenarios" data-provider="scenarios" finished-at="2024-11-19T15:49:02 IST" duration-ms="15676" status="PASS">
          <params>
            <param index="0">
              <value>
                <![CDATA["Create new Article"]]>
              </value>
            </param>
            <param index="1">
              <value>
                <![CDATA["Conduit CRUD Functions"]]>
              </value>
            </param>
          </params>
          <reporter-output>
          </reporter-output>
        </test-method> <!-- runScenario -->
        <test-method signature="runScenario(io.cucumber.testng.PickleWrapper,io.cucumber.testng.FeatureWrapper)[pri:0, instance:runners.ConduitCURDrunner@6e6f2380]" started-at="2024-11-19T15:49:02 IST" name="runScenario" description="Runs Cucumber Scenarios" data-provider="scenarios" finished-at="2024-11-19T15:49:15 IST" duration-ms="13900" status="PASS">
          <params>
            <param index="0">
              <value>
                <![CDATA["View Article"]]>
              </value>
            </param>
            <param index="1">
              <value>
                <![CDATA["Conduit CRUD Functions"]]>
              </value>
            </param>
          </params>
          <reporter-output>
          </reporter-output>
        </test-method> <!-- runScenario -->
        <test-method signature="runScenario(io.cucumber.testng.PickleWrapper,io.cucumber.testng.FeatureWrapper)[pri:0, instance:runners.ConduitCURDrunner@6e6f2380]" started-at="2024-11-19T15:49:15 IST" name="runScenario" description="Runs Cucumber Scenarios" data-provider="scenarios" finished-at="2024-11-19T15:49:23 IST" duration-ms="7294" status="FAIL">
          <params>
            <param index="0">
              <value>
                <![CDATA["Update an Article"]]>
              </value>
            </param>
            <param index="1">
              <value>
                <![CDATA["Conduit CRUD Functions"]]>
              </value>
            </param>
          </params>
          <exception class="java.lang.AssertionError">
            <message>
              <![CDATA[expected [RPG CCS] but found [Divya sample21]]]>
            </message>
            <full-stacktrace>
              <![CDATA[java.lang.AssertionError: expected [RPG CCS] but found [Divya sample21]
at org.testng.Assert.fail(Assert.java:99)
at org.testng.Assert.failNotEquals(Assert.java:1037)
at org.testng.Assert.assertEqualsImpl(Assert.java:140)
at org.testng.Assert.assertEquals(Assert.java:122)
at org.testng.Assert.assertEquals(Assert.java:629)
at org.testng.Assert.assertEquals(Assert.java:639)
at pages.ConduitGlobalFeedPage.validateAndClickOnLatestArticle(ConduitGlobalFeedPage.java:24)
at stepDefs.ConduitCURDStefDef.article_detail_page_should_be_displayed(ConduitCURDStefDef.java:111)
at ✽.Article detail page Should be displayed "RPG CCS"(file:///C:/workspace/New%20folder/ConduitCURDCaseStudy/src/test/resources/features/ConduitCRUD.feature:21)
]]>
            </full-stacktrace>
          </exception> <!-- java.lang.AssertionError -->
          <reporter-output>
          </reporter-output>
        </test-method> <!-- runScenario -->
        <test-method signature="runScenario(io.cucumber.testng.PickleWrapper,io.cucumber.testng.FeatureWrapper)[pri:0, instance:runners.ConduitCURDrunner@6e6f2380]" started-at="2024-11-19T15:49:23 IST" name="runScenario" description="Runs Cucumber Scenarios" data-provider="scenarios" finished-at="2024-11-19T15:49:30 IST" duration-ms="7605" status="FAIL">
          <params>
            <param index="0">
              <value>
                <![CDATA["Delete an Article"]]>
              </value>
            </param>
            <param index="1">
              <value>
                <![CDATA["Conduit CRUD Functions"]]>
              </value>
            </param>
          </params>
          <exception class="java.lang.AssertionError">
            <message>
              <![CDATA[expected [RPG CCS] but found [Divya sample21]]]>
            </message>
            <full-stacktrace>
              <![CDATA[java.lang.AssertionError: expected [RPG CCS] but found [Divya sample21]
at org.testng.Assert.fail(Assert.java:99)
at org.testng.Assert.failNotEquals(Assert.java:1037)
at org.testng.Assert.assertEqualsImpl(Assert.java:140)
at org.testng.Assert.assertEquals(Assert.java:122)
at org.testng.Assert.assertEquals(Assert.java:629)
at org.testng.Assert.assertEquals(Assert.java:639)
at pages.ConduitGlobalFeedPage.validateAndClickOnLatestArticle(ConduitGlobalFeedPage.java:24)
at stepDefs.ConduitCURDStefDef.article_detail_page_should_be_displayed(ConduitCURDStefDef.java:111)
at ✽.Article detail page Should be displayed "RPG CCS"(file:///C:/workspace/New%20folder/ConduitCURDCaseStudy/src/test/resources/features/ConduitCRUD.feature:26)
]]>
            </full-stacktrace>
          </exception> <!-- java.lang.AssertionError -->
          <reporter-output>
          </reporter-output>
        </test-method> <!-- runScenario -->
        <test-method is-config="true" signature="tearDownClass()[pri:0, instance:runners.ConduitCURDrunner@6e6f2380]" started-at="2024-11-19T15:49:30 IST" name="tearDownClass" finished-at="2024-11-19T15:49:30 IST" duration-ms="36" status="PASS">
          <reporter-output>
          </reporter-output>
        </test-method> <!-- tearDownClass -->
      </class> <!-- runners.ConduitCURDrunner -->
    </test> <!-- Default test -->
  </suite> <!-- Default suite -->
</testng-results>
